2022-12-31T00:59:37.995Z  INFO 1 --- [main] o.d.s.msvc.users.MsvcUsersApplication    : Starting MsvcUsersApplication v0.0.1-SNAPSHOT using Java 17.0.2 with PID 1 (/app/msvc-users-0.0.1-SNAPSHOT.jar started by root in /app)
2022-12-31T00:59:37.996Z  INFO 1 --- [main] o.d.s.msvc.users.MsvcUsersApplication    : No active profile set, falling back to 1 default profile: "default"
2022-12-31T00:59:38.541Z  INFO 1 --- [main] .s.d.r.c.RepositoryConfigurationDelegate : Bootstrapping Spring Data JPA repositories in DEFAULT mode.
2022-12-31T00:59:38.573Z  INFO 1 --- [main] .s.d.r.c.RepositoryConfigurationDelegate : Finished Spring Data repository scanning in 26 ms. Found 1 JPA repository interfaces.
2022-12-31T00:59:38.698Z  INFO 1 --- [main] o.s.cloud.context.scope.GenericScope     : BeanFactory id=8fbf0372-213b-3121-85d8-ae9abc5f7841
2022-12-31T00:59:38.732Z  INFO 1 --- [main] trationDelegate$BeanPostProcessorChecker : Bean 'org.dblanco.springcloud.msvc.users.client.CourseClientRest' of type [org.springframework.cloud.openfeign.FeignClientFactoryBean] is not eligible for getting processed by all BeanPostProcessors (for example: not eligible for auto-proxying)
2022-12-31T00:59:38.908Z  INFO 1 --- [main] o.s.b.w.embedded.tomcat.TomcatWebServer  : Tomcat initialized with port(s): 8001 (http)
2022-12-31T00:59:38.915Z  INFO 1 --- [main] o.apache.catalina.core.StandardService   : Starting service [Tomcat]
2022-12-31T00:59:38.915Z  INFO 1 --- [main] o.apache.catalina.core.StandardEngine    : Starting Servlet engine: [Apache Tomcat/10.1.1]
2022-12-31T00:59:38.954Z  INFO 1 --- [main] o.a.c.c.C.[Tomcat].[localhost].[/]       : Initializing Spring embedded WebApplicationContext
2022-12-31T00:59:38.954Z  INFO 1 --- [main] w.s.c.ServletWebServerApplicationContext : Root WebApplicationContext: initialization completed in 927 ms
2022-12-31T00:59:39.036Z  INFO 1 --- [main] com.zaxxer.hikari.HikariDataSource       : HikariPool-1 - Starting...
2022-12-31T00:59:39.340Z  INFO 1 --- [main] com.zaxxer.hikari.pool.HikariPool        : HikariPool-1 - Added connection com.mysql.cj.jdbc.ConnectionImpl@6594402a
2022-12-31T00:59:39.341Z  INFO 1 --- [main] com.zaxxer.hikari.HikariDataSource       : HikariPool-1 - Start completed.
2022-12-31T00:59:39.369Z  INFO 1 --- [main] o.hibernate.jpa.internal.util.LogHelper  : HHH000204: Processing PersistenceUnitInfo [name: default]
2022-12-31T00:59:39.390Z  INFO 1 --- [main] org.hibernate.Version                    : HHH000412: Hibernate ORM core version 6.1.5.Final
2022-12-31T00:59:39.462Z  WARN 1 --- [main] org.hibernate.orm.deprecation            : HHH90000021: Encountered deprecated setting [javax.persistence.sharedCache.mode], use [jakarta.persistence.sharedCache.mode] instead
2022-12-31T00:59:39.534Z  INFO 1 --- [main] SQL dialect                              : HHH000400: Using dialect: org.hibernate.dialect.MySQL8Dialect
2022-12-31T00:59:39.534Z  WARN 1 --- [main] org.hibernate.orm.deprecation            : HHH90000026: MySQL8Dialect has been deprecated; use org.hibernate.dialect.MySQLDialect instead
2022-12-31T00:59:39.968Z  INFO 1 --- [main] o.h.e.t.j.p.i.JtaPlatformInitiator       : HHH000490: Using JtaPlatform implementation: [org.hibernate.engine.transaction.jta.platform.internal.NoJtaPlatform]
2022-12-31T00:59:39.971Z  INFO 1 --- [main] j.LocalContainerEntityManagerFactoryBean : Initialized JPA EntityManagerFactory for persistence unit 'default'
2022-12-31T00:59:40.297Z  WARN 1 --- [main] JpaBaseConfiguration$JpaWebConfiguration : spring.jpa.open-in-view is enabled by default. Therefore, database queries may be performed during view rendering. Explicitly configure spring.jpa.open-in-view to disable this warning
2022-12-31T00:59:40.594Z  INFO 1 --- [main] o.s.b.w.embedded.tomcat.TomcatWebServer  : Tomcat started on port(s): 8001 (http) with context path ''
2022-12-31T00:59:40.603Z  INFO 1 --- [main] o.d.s.msvc.users.MsvcUsersApplication    : Started MsvcUsersApplication in 2.952 seconds (process running for 3.256)
2022-12-31T00:59:52.621Z  INFO 1 --- [http-nio-8001-exec-1] o.a.c.c.C.[Tomcat].[localhost].[/]       : Initializing Spring DispatcherServlet 'dispatcherServlet'
2022-12-31T00:59:52.621Z  INFO 1 --- [http-nio-8001-exec-1] o.s.web.servlet.DispatcherServlet        : Initializing Servlet 'dispatcherServlet'
2022-12-31T00:59:52.622Z  INFO 1 --- [http-nio-8001-exec-1] o.s.web.servlet.DispatcherServlet        : Completed initialization in 1 ms
2022-12-31T00:59:52.683Z DEBUG 1 --- [http-nio-8001-exec-1] org.hibernate.SQL                        : select u1_0.id,u1_0.email,u1_0.name,u1_0.password from tbl_users u1_0
